Arguments: 
  C:\Program Files\nodejs\node.exe C:\Users\marcio\AppData\Roaming\npm\node_modules\yarn\bin\yarn.js add nodemon -D

PATH: 
  C:\Users\marcio\Cmder\bin;C:\Users\marcio\Cmder\bin;C:\Users\marcio\Cmder\vendor\conemu-maximus5\ConEmu\Scripts;C:\Users\marcio\Cmder\vendor\conemu-maximus5;C:\Users\marcio\Cmder\vendor\conemu-maximus5\ConEmu;C:\Program Files (x86)\Common Files\Oracle\Java\javapath;C:\ProgramData\Oracle\Java\javapath;C:\Program Files\Common Files\Microsoft Shared\Windows Live;C:\Program Files (x86)\Common Files\Microsoft Shared\Windows Live;C:\Program Files (x86)\Intel\iCLS Client\;C:\Program Files\Intel\iCLS Client\;C:\Windows\system32;C:\Windows;C:\Windows\System32\Wbem;C:\Windows\System32\WindowsPowerShell\v1.0\;C:\Program Files\Intel\Intel(R) Management Engine Components\DAL;C:\Program Files\Intel\Intel(R) Management Engine Components\IPT;C:\Program Files (x86)\Intel\Intel(R) Management Engine Components\DAL;C:\Program Files (x86)\Intel\Intel(R) Management Engine Components\IPT;C:\Program Files (x86)\Git\bin;C:\Program Files (x86)\Git\cmd;C:\Program Files (x86)\NVIDIA Corporation\PhysX\Common;C:\Program Files (x86)\Windows Live\Shared;C:\WINDOWS\system32;C:\WINDOWS;C:\WINDOWS\System32\Wbem;C:\WINDOWS\System32\WindowsPowerShell\v1.0\;E:\xampp\php;C:\ProgramData\ComposerSetup\bin;C:\Program Files\Git\cmd;C:\Program Files (x86)\Windows Kits\10\Windows Performance Toolkit\;C:\Program Files\dotnet\;C:\Program Files\PuTTY\;C:\HashiCorp\Vagrant\bin;C:\Users\marcio\AppData\Roaming\Composer\vendor\bin;C:\WINDOWS\System32\OpenSSH\;C:\Users\marcio\Cmder\Cmder.exe;C:\Program Files\Microsoft VS Code\bin;E:\xampp\mysql\bin\mysql.exe;C:\Program Files\nodejs\;C:\Program Files\Docker\Docker\resources\bin;C:\ProgramData\DockerDesktop\version-bin;C:\Users\marcio\AppData\Local\Programs\Python\Python36\Scripts\;C:\Users\marcio\AppData\Local\Programs\Python\Python36\;%USERPROFILE%\AppData\Local\Microsoft\WindowsApps;E:\xampp\php\php.exe;C:\Users\marcio\AppData\Roaming\Composer\vendor\bin;C:\Program Files\Heroku\bin;E:\xampp\mysql\bin\mysql.exe;C:\Users\marcio\AppData\Roaming\npm;C:\Users\marcio\AppData\Local\Programs\Microsoft VS Code\bin;;C:\Users\marcio\AppData\Local\hyper\app-3.0.2\resources\bin;C:\Program Files\Git\usr\bin;C:\Program Files\Git\usr\share\vim\vim74;C:\Users\marcio\Cmder\;C:\Program Files\Git\usr\bin;C:\Program Files\Git\usr\share\vim\vim74;C:\Users\marcio\Cmder\

Yarn version: 
  1.22.10

Node version: 
  8.11.3

Platform: 
  win32 x64

Trace: 
  SyntaxError: E:\js\projetos\boot-camp\node-1\desafio-node-backend\package.json: Unexpected token / in JSON at position 274
      at JSON.parse (<anonymous>)
      at C:\Users\marcio\AppData\Roaming\npm\node_modules\yarn\lib\cli.js:1625:59
      at Generator.next (<anonymous>)
      at step (C:\Users\marcio\AppData\Roaming\npm\node_modules\yarn\lib\cli.js:310:30)
      at C:\Users\marcio\AppData\Roaming\npm\node_modules\yarn\lib\cli.js:321:13
      at <anonymous>

npm manifest: 
  {
    "name": "backend",
    "version": "1.0.0",
    "main": "src/server.js",
    "license": "MIT",
    "scripts": {
      "dev": "nodemon",
      "test": "jest"
    },
    "dependencies": {
      "cors": "^2.8.5",
      "express": "^4.17.1",
      "uuid": "^8.3.0"
    },
    "devDependencies": {
      // "jest": "^25.2.6",
      "nodemon": "^2.0.2",
      "supertest": "^4.0.2"
    }
  }

yarn manifest: 
  No manifest

Lockfile: 
  No lockfile
